/*C12*/SET SCHEMA PUBLIC
drop table if exists basicinsertion cascade 
drop table if exists buyingoffer cascade 
drop table if exists dressinsertion cascade 
drop table if exists favorite cascade 
drop table if exists hibernate_sequences cascade 
drop table if exists payment cascade 
drop table if exists product cascade 
drop table if exists user cascade 
create table basicinsertion (id bigint not null, condition varchar(255), creation_date date, description varchar(255), end_date date, image blob, price integer, title varchar(255), user_id bigint, primary key (id))
create table buyingoffer (id bigint generated by default as identity (start with 1), price float(24), status varchar(255), basic_insertion_id bigint, user_id bigint, primary key (id))
create table dressinsertion (id bigint not null, condition varchar(255), creation_date date, description varchar(255), end_date date, image blob, price integer, title varchar(255), user_id bigint, brand smallint, category varchar(255), primary key (id))
create table favorite (id bigint generated by default as identity (start with 1), insertion_id bigint, user_id bigint, primary key (id))
create table hibernate_sequences (sequence_name varchar(255) not null, next_val bigint, primary key (sequence_name))
INSERT INTO HIBERNATE_SEQUENCES VALUES('default',0)
COMMIT
create table payment (id bigint generated by default as identity (start with 1), status varchar(255), user_id bigint, primary key (id))
create table product (id bigint generated by default as identity (start with 1), date date, number integer, payment_method smallint, user_id bigint, primary key (id))
create table user (id bigint generated by default as identity (start with 1), cap integer, city varchar(255), number integer, region varchar(255), state varchar(255), street varchar(255), birth_date date, email varchar(255), firstname varchar(255), gender varchar(255), lastname varchar(255), password varchar(255), phone_number integer, photo blob, registration_date date, role varchar(255), primary key (id))
alter table basicinsertion add constraint FKmy1o2w2uc8n3mwxqw8tqjph8k foreign key (user_id) references user
alter table buyingoffer add constraint FKquj8pt3wrj3f9em64qwgahcmg foreign key (user_id) references user
alter table dressinsertion add constraint FK_513gstnpkwenxhiulr0xkhdyc foreign key (user_id) references user
alter table favorite add constraint FKh3f2dg11ibnht4fvnmx60jcif foreign key (user_id) references user
alter table payment add constraint FK4spfnm9si9dowsatcqs5or42i foreign key (user_id) references user
alter table product add constraint FK979liw4xk18ncpl87u4tygx2u foreign key (user_id) references user
INSERT INTO USER VALUES(1,NULL,NULL,NULL,NULL,NULL,NULL,NULL,NULL,NULL,NULL,NULL,NULL,NULL,NULL,NULL,NULL)
COMMIT
INSERT INTO USER VALUES(2,NULL,NULL,NULL,NULL,NULL,NULL,NULL,NULL,NULL,NULL,NULL,NULL,NULL,NULL,NULL,NULL)
COMMIT
INSERT INTO USER VALUES(3,NULL,NULL,NULL,NULL,NULL,NULL,NULL,NULL,NULL,NULL,NULL,NULL,NULL,NULL,NULL,NULL)
COMMIT
/*C13*/SET SCHEMA PUBLIC
DELETE FROM HIBERNATE_SEQUENCES WHERE SEQUENCE_NAME='default'
INSERT INTO HIBERNATE_SEQUENCES VALUES('default',50)
COMMIT
/*C12*/INSERT INTO BASICINSERTION VALUES(1,NULL,NULL,NULL,NULL,NULL,NULL,NULL,NULL)
COMMIT
INSERT INTO BUYINGOFFER VALUES(1,NULL,NULL,1,NULL)
COMMIT
INSERT INTO BUYINGOFFER VALUES(2,NULL,NULL,1,NULL)
COMMIT
INSERT INTO BUYINGOFFER VALUES(3,NULL,NULL,1,NULL)
COMMIT
INSERT INTO FAVORITE VALUES(1,1,NULL)
COMMIT
